Warning: NLS unused message: QTEST in: com.kms.katalon.constants.globalMessages
Warning: NLS missing message: QTEST_NAME in: com.kms.katalon.constants.globalMessages
2025-07-03 15:37:19.509 INFO  c.k.katalon.core.main.TestSuiteExecutor  - START Test Suites/Login Logout
2025-07-03 15:37:19.624 INFO  c.k.katalon.core.main.TestSuiteExecutor  - userFullName = enterprisekatalongmailcom
2025-07-03 15:37:19.625 INFO  c.k.katalon.core.main.TestSuiteExecutor  - projectName = Web Admin PAC Cash
2025-07-03 15:37:19.626 INFO  c.k.katalon.core.main.TestSuiteExecutor  - hostName = LAPTOP-9J8MPEQS$ - LAPTOP-9J8MPEQS
2025-07-03 15:37:19.627 INFO  c.k.katalon.core.main.TestSuiteExecutor  - os = Windows 11 64bit
2025-07-03 15:37:19.627 INFO  c.k.katalon.core.main.TestSuiteExecutor  - hostAddress = 172.20.30.81
2025-07-03 15:37:19.629 INFO  c.k.katalon.core.main.TestSuiteExecutor  - katalonVersion = 10.2.3.0
2025-07-03 15:37:20.034 INFO  c.k.katalon.core.main.TestCaseExecutor   - --------------------
2025-07-03 15:37:20.035 INFO  c.k.katalon.core.main.TestCaseExecutor   - START Test Cases/Login Logout/Login
2025-07-03 15:37:20.310 DEBUG testcase.Login                           - 1: openBrowser(URL)
2025-07-03 15:37:20.625 INFO  c.k.k.core.webui.driver.DriverFactory    - Starting 'Chrome' driver
2025-07-03 15:37:20.681 INFO  c.k.k.core.webui.driver.DriverFactory    - Action delay is set to 0 milliseconds
Jul 03, 2025 3:37:21 PM org.openqa.selenium.devtools.CdpVersionFinder findNearestMatch
WARNING: Unable to find an exact match for CDP version 138, returning the closest version; found: 135; Please update to a Selenium version that supports CDP version 138
2025-07-03 15:37:22.272 INFO  c.k.k.core.webui.driver.DriverFactory    - sessionId = a1c3c56ddef245577f4b50b8b210a260
2025-07-03 15:37:22.274 INFO  c.k.k.core.webui.driver.DriverFactory    - browser = Chrome 138.0.7204.51
2025-07-03 15:37:22.275 INFO  c.k.k.core.webui.driver.DriverFactory    - platform = Windows 11
2025-07-03 15:37:22.275 INFO  c.k.k.core.webui.driver.DriverFactory    - seleniumVersion = 4.28.1
2025-07-03 15:37:22.286 INFO  c.k.k.core.webui.driver.DriverFactory    - proxyInformation = ProxyInformation { proxyOption=NO_PROXY, proxyServerType=HTTP, username=, password=********, proxyServerAddress=, proxyServerPort=0, executionList="", isApplyToDesiredCapabilities=true }
2025-07-03 15:37:22.832 DEBUG testcase.Login                           - 2: maximizeWindow()
2025-07-03 15:37:22.872 DEBUG testcase.Login                           - 3: setText(findTestObject("Login/Input Username"), username_Login)
2025-07-03 15:37:23.518 DEBUG testcase.Login                           - 4: setText(findTestObject("Login/Input Password"), password_Login)
2025-07-03 15:37:24.080 DEBUG testcase.Login                           - 5: delay(10)
2025-07-03 15:37:34.106 DEBUG testcase.Login                           - 6: takeScreenshot()
2025-07-03 15:37:34.476 DEBUG testcase.Login                           - 7: click(findTestObject("Login/Button Login"))
2025-07-03 15:37:34.862 DEBUG testcase.Login                           - 8: delay(2)
2025-07-03 15:37:36.867 DEBUG testcase.Login                           - 9: takeScreenshot()
2025-07-03 15:37:37.202 INFO  c.k.katalon.core.main.TestCaseExecutor   - END Test Cases/Login Logout/Login
2025-07-03 15:37:37.208 INFO  c.k.katalon.core.main.TestCaseExecutor   - --------------------
2025-07-03 15:37:37.208 INFO  c.k.katalon.core.main.TestCaseExecutor   - START Test Cases/Login Logout/Logout
2025-07-03 15:37:37.253 DEBUG testcase.Logout                          - 1: click(findTestObject("Logout/Button Logout"))
2025-07-03 15:38:08.287 INFO  c.k.k.c.webui.common.WebUiCommonHelper   - Unable to find the element located by 'By.xpath: //div[@id='header-top']/div/p/b/a'. Please recheck the objects properties to make sure the desired element is located. 
2025-07-03 15:38:08.290 WARN  c.k.k.c.webui.common.WebUiCommonHelper   - [SELF-HEALING] Failed to find element with id 'Object Repository/Logout/Button Logout'. Try using Self-healing.
2025-07-03 15:38:08.541 INFO  c.k.k.c.webui.common.WebUiCommonHelper   - [SELF-HEALING] Failed Locator: '//div[@id='header-top']/div/p/b/a'.
2025-07-03 15:38:08.791 INFO  c.k.k.c.webui.common.WebUiCommonHelper   - [SELF-HEALING] Failed Locator: '//a[contains(text(),'Log Out')]'.
2025-07-03 15:38:09.048 INFO  c.k.k.c.webui.common.WebUiCommonHelper   - [SELF-HEALING] Failed Locator: '(.//*[normalize-space(text()) and normalize-space(.)='Selasa, 17 December 2024 - 15:44:09'])[1]/following::a[1]'.
2025-07-03 15:38:09.297 INFO  c.k.k.c.webui.common.WebUiCommonHelper   - [SELF-HEALING] Failed Locator: '(.//*[normalize-space(text()) and normalize-space(.)='Administrasi User'])[1]/preceding::a[1]'.
2025-07-03 15:38:09.543 INFO  c.k.k.c.webui.common.WebUiCommonHelper   - [SELF-HEALING] Failed Locator: '(.//*[normalize-space(text()) and normalize-space(.)='Pemeliharaan User'])[1]/preceding::a[1]'.
2025-07-03 15:38:09.783 INFO  c.k.k.c.webui.common.WebUiCommonHelper   - [SELF-HEALING] Failed Locator: '//*/text()[normalize-space(.)='Log Out']/parent::*'.
2025-07-03 15:38:10.025 INFO  c.k.k.c.webui.common.WebUiCommonHelper   - [SELF-HEALING] Failed Locator: '//a[contains(@href, '/emoney-admin/ind/user/approval/maintenanceuserapprovaldetail.layout.logout?_csrf=28986654-641a-471e-a470-f894712f8d48')]'.
2025-07-03 15:38:10.250 INFO  c.k.k.c.webui.common.WebUiCommonHelper   - [SELF-HEALING] Failed Locator: '//a'.
2025-07-03 15:38:10.500 INFO  c.k.k.c.webui.common.WebUiCommonHelper   - [SELF-HEALING] Failed Locator: '//a[@href = '/emoney-admin/ind/user/approval/maintenanceuserapprovaldetail.layout.logout?_csrf=28986654-641a-471e-a470-f894712f8d48' and (text() = 'Log Out' or . = 'Log Out')]'.
2025-07-03 15:38:11.517 INFO  c.k.k.c.webui.common.WebUiCommonHelper   - Unable to find the element located by 'By.xpath: //*[@href = '/emoney-admin/ind/user/approval/maintenanceuserapprovaldetail.layout.logout?_csrf=28986654-641a-471e-a470-f894712f8d48' and (text() = 'Log Out' or . = 'Log Out')]'. Please recheck the objects properties to make sure the desired element is located. 
2025-07-03 15:38:12.731 INFO  c.k.k.c.webui.common.WebUiCommonHelper   - Unable to find the element located by 'By.cssSelector: a'. Please recheck the objects properties to make sure the desired element is located. 
2025-07-03 15:38:12.795 ERROR c.k.k.core.keyword.internal.KeywordMain  - ❌ Unable to click on object 'Object Repository/Logout/Button Logout' (Root cause: com.kms.katalon.core.exception.StepFailedException: Unable to click on object 'Object Repository/Logout/Button Logout'
	at com.kms.katalon.core.webui.keyword.internal.WebUIKeywordMain.stepFailed(WebUIKeywordMain.groovy:118)
	at com.kms.katalon.core.webui.keyword.internal.WebUIKeywordMain.runKeyword(WebUIKeywordMain.groovy:43)
	at com.kms.katalon.core.webui.keyword.builtin.ClickKeyword.click(ClickKeyword.groovy:75)
	at com.kms.katalon.core.webui.keyword.builtin.ClickKeyword.execute(ClickKeyword.groovy:40)
	at com.kms.katalon.core.keyword.internal.KeywordExecutor.executeKeywordForPlatform(KeywordExecutor.groovy:64)
	at com.kms.katalon.core.webui.keyword.WebUiBuiltInKeywords.click(WebUiBuiltInKeywords.groovy:696)
	at com.kms.katalon.core.webui.keyword.WebUiBuiltInKeywords$click$3.call(Unknown Source)
	at Logout.run(Logout:20)
	at com.kms.katalon.core.main.ScriptEngine.run(ScriptEngine.java:194)
	at com.kms.katalon.core.main.ScriptEngine.runScriptAsRawText(ScriptEngine.java:119)
	at com.kms.katalon.core.main.TestCaseExecutor.runScript(TestCaseExecutor.java:485)
	at com.kms.katalon.core.main.TestCaseExecutor.doExecute(TestCaseExecutor.java:476)
	at com.kms.katalon.core.main.TestCaseExecutor.processExecutionPhase(TestCaseExecutor.java:455)
	at com.kms.katalon.core.main.TestCaseExecutor.accessMainPhase(TestCaseExecutor.java:447)
	at com.kms.katalon.core.main.TestCaseExecutor.execute(TestCaseExecutor.java:321)
	at com.kms.katalon.core.common.CommonExecutor.accessTestCaseMainPhase(CommonExecutor.java:71)
	at com.kms.katalon.core.main.TestSuiteExecutor.accessTestSuiteMainPhase(TestSuiteExecutor.java:160)
	at com.kms.katalon.core.main.TestSuiteExecutor.execute(TestSuiteExecutor.java:107)
	at com.kms.katalon.core.main.TestCaseMain.startTestSuite(TestCaseMain.java:195)
	at com.kms.katalon.core.main.TestCaseMain$startTestSuite$0.call(Unknown Source)
	at TempTestSuite1751531836573.run(TempTestSuite1751531836573.groovy:35)
	at java.base/jdk.internal.reflect.NativeMethodAccessorImpl.invoke0(Native Method)
	at java.base/jdk.internal.reflect.NativeMethodAccessorImpl.invoke(NativeMethodAccessorImpl.java:77)
	at java.base/jdk.internal.reflect.DelegatingMethodAccessorImpl.invoke(DelegatingMethodAccessorImpl.java:43)
Caused by: com.kms.katalon.core.webui.exception.WebElementNotFoundException: Web element with id: 'Object Repository/Logout/Button Logout' located by '//div[@id='header-top']/div/p/b/a' not found
	at com.kms.katalon.core.webui.common.WebUiCommonHelper.findWebElement(WebUiCommonHelper.java:1458)
	at com.kms.katalon.core.webui.keyword.internal.WebUIAbstractKeyword.findWebElement(WebUIAbstractKeyword.groovy:27)
	at com.kms.katalon.core.webui.keyword.builtin.ClickKeyword$_click_closure1.doCall(ClickKeyword.groovy:66)
	at com.kms.katalon.core.webui.keyword.builtin.ClickKeyword$_click_closure1.call(ClickKeyword.groovy)
	at com.kms.katalon.core.webui.keyword.internal.WebUIKeywordMain.runKeyword(WebUIKeywordMain.groovy:35)
	at com.kms.katalon.core.webui.keyword.builtin.ClickKeyword.click(ClickKeyword.groovy:75)
	at com.kms.katalon.core.webui.keyword.builtin.ClickKeyword.execute(ClickKeyword.groovy:40)
	at com.kms.katalon.core.keyword.internal.KeywordExecutor.executeKeywordForPlatform(KeywordExecutor.groovy:64)
	at com.kms.katalon.core.webui.keyword.WebUiBuiltInKeywords.click(WebUiBuiltInKeywords.groovy:696)
	at com.kms.katalon.core.webui.keyword.WebUiBuiltInKeywords$click$3.call(Unknown Source)
	at Script1734425501441.run(Script1734425501441.groovy:20)
	... 16 more
)
2025-07-03 15:38:12.797 ERROR c.k.katalon.core.main.TestCaseExecutor   - ❌ Test Cases/Login Logout/Logout FAILED.
Reason:
com.kms.katalon.core.exception.StepFailedException: Unable to click on object 'Object Repository/Logout/Button Logout'
	at com.kms.katalon.core.webui.keyword.internal.WebUIKeywordMain.stepFailed(WebUIKeywordMain.groovy:118)
	at com.kms.katalon.core.webui.keyword.internal.WebUIKeywordMain.runKeyword(WebUIKeywordMain.groovy:43)
	at com.kms.katalon.core.webui.keyword.builtin.ClickKeyword.click(ClickKeyword.groovy:75)
	at com.kms.katalon.core.webui.keyword.builtin.ClickKeyword.execute(ClickKeyword.groovy:40)
	at com.kms.katalon.core.keyword.internal.KeywordExecutor.executeKeywordForPlatform(KeywordExecutor.groovy:64)
	at com.kms.katalon.core.webui.keyword.WebUiBuiltInKeywords.click(WebUiBuiltInKeywords.groovy:696)
	at com.kms.katalon.core.webui.keyword.WebUiBuiltInKeywords$click$3.call(Unknown Source)
	at Logout.run(Logout:20)
	at com.kms.katalon.core.main.ScriptEngine.run(ScriptEngine.java:194)
	at com.kms.katalon.core.main.ScriptEngine.runScriptAsRawText(ScriptEngine.java:119)
	at com.kms.katalon.core.main.TestCaseExecutor.runScript(TestCaseExecutor.java:485)
	at com.kms.katalon.core.main.TestCaseExecutor.doExecute(TestCaseExecutor.java:476)
	at com.kms.katalon.core.main.TestCaseExecutor.processExecutionPhase(TestCaseExecutor.java:455)
	at com.kms.katalon.core.main.TestCaseExecutor.accessMainPhase(TestCaseExecutor.java:447)
	at com.kms.katalon.core.main.TestCaseExecutor.execute(TestCaseExecutor.java:321)
	at com.kms.katalon.core.common.CommonExecutor.accessTestCaseMainPhase(CommonExecutor.java:71)
	at com.kms.katalon.core.main.TestSuiteExecutor.accessTestSuiteMainPhase(TestSuiteExecutor.java:160)
	at com.kms.katalon.core.main.TestSuiteExecutor.execute(TestSuiteExecutor.java:107)
	at com.kms.katalon.core.main.TestCaseMain.startTestSuite(TestCaseMain.java:195)
	at com.kms.katalon.core.main.TestCaseMain$startTestSuite$0.call(Unknown Source)
	at TempTestSuite1751531836573.run(TempTestSuite1751531836573.groovy:35)
	at java.base/jdk.internal.reflect.NativeMethodAccessorImpl.invoke0(Native Method)
	at java.base/jdk.internal.reflect.NativeMethodAccessorImpl.invoke(NativeMethodAccessorImpl.java:77)
	at java.base/jdk.internal.reflect.DelegatingMethodAccessorImpl.invoke(DelegatingMethodAccessorImpl.java:43)
Caused by: com.kms.katalon.core.webui.exception.WebElementNotFoundException: Web element with id: 'Object Repository/Logout/Button Logout' located by '//div[@id='header-top']/div/p/b/a' not found
	at com.kms.katalon.core.webui.common.WebUiCommonHelper.findWebElement(WebUiCommonHelper.java:1458)
	at com.kms.katalon.core.webui.keyword.internal.WebUIAbstractKeyword.findWebElement(WebUIAbstractKeyword.groovy:27)
	at com.kms.katalon.core.webui.keyword.builtin.ClickKeyword$_click_closure1.doCall(ClickKeyword.groovy:66)
	at com.kms.katalon.core.webui.keyword.builtin.ClickKeyword$_click_closure1.call(ClickKeyword.groovy)
	at com.kms.katalon.core.webui.keyword.internal.WebUIKeywordMain.runKeyword(WebUIKeywordMain.groovy:35)
	... 22 more
2025-07-03 15:38:12.801 INFO  c.k.katalon.core.main.TestCaseExecutor   - END Test Cases/Login Logout/Logout
2025-07-03 15:38:12.997 INFO  c.k.katalon.core.main.TestSuiteExecutor  - --------------------
2025-07-03 15:38:12.997 INFO  c.k.katalon.core.main.TestSuiteExecutor  - END Test Suites/Login Logout
2025-07-03 15:38:12.997 INFO  c.k.katalon.core.main.TestSuiteExecutor  - ====================
