<?xml version="1.0" encoding="UTF-8"?>
<testsuites name="Inquery" time="114.909" tests="7" failures="0" errors="0">
   <testsuite name="Inquery" tests="7" failures="0" errors="0" time="114.909" skipped="0" timestamp="2025-01-22 11:16:10" hostname="User - LAPTOP-9JGLK48I" id="Test Suites/Inquery">
      <properties>
[...]
</properties>
      <testcase name="Test Cases/Inquery/Data User Admin/Cari Data user Admin" time="19.925" classname="Test Cases/Inquery/Data User Admin/Cari Data user Admin" status="PASSED">
         <system-out><![CDATA[2025-01-22 11:16:10 - [TEST_CASE][PASSED] - Test Cases/Inquery/Data User Admin/Cari Data user Admin: Test Cases/Inquery/Data User Admin/Cari Data user Admin

2025-01-22 11:16:10 - [TEST_STEP][PASSED] - click(findTestObject("Menu Utama/Button Inquiry"), CONTINUE_ON_FAILURE): Object: 'Object Repository/Menu Utama/Button Inquiry' is clicked on

2025-01-22 11:16:12 - [MESSAGE][PASSED] - Object: 'Object Repository/Menu Utama/Button Inquiry' is clicked on

2025-01-22 11:16:12 - [TEST_STEP][PASSED] - delay(2): Delayed 2 second(s)

2025-01-22 11:16:14 - [MESSAGE][PASSED] - Delayed 2 second(s)

2025-01-22 11:16:14 - [TEST_STEP][PASSED] - takeScreenshot(): Taking screenshot successfully

2025-01-22 11:16:14 - [MESSAGE][PASSED] - Taking screenshot successfully
[[ATTACHMENT|C:\\Users\\User\\Documents\\Automation\\Project bank\\PAC cash\\Web Admin PAC Cash\\Web Admin PAC Cash\\Reports\\20250122_111600\\Inquery\\20250122_111601\\1737519374536.png]]

2025-01-22 11:16:14 - [TEST_STEP][PASSED] - click(findTestObject("Inquery/Button Data User Admin"), CONTINUE_ON_FAILURE): Object: 'Object Repository/Inquery/Button Data User Admin' is clicked on

2025-01-22 11:16:15 - [MESSAGE][PASSED] - Object: 'Object Repository/Inquery/Button Data User Admin' is clicked on

2025-01-22 11:16:15 - [TEST_STEP][PASSED] - setText(findTestObject("Inquery/Data user Admin/Input Username"), "admin", CONTINUE_ON_FAILURE): Text 'admin' is set on object 'Object Repository/Inquery/Data user Admin/Input Username'

2025-01-22 11:16:15 - [MESSAGE][PASSED] - Text 'admin' is set on object 'Object Repository/Inquery/Data user Admin/Input Username'

2025-01-22 11:16:15 - [TEST_STEP][PASSED] - setText(findTestObject("Inquery/Data user Admin/Input Nama"), "admin", CONTINUE_ON_FAILURE): Text 'admin' is set on object 'Object Repository/Inquery/Data user Admin/Input Nama'

2025-01-22 11:16:16 - [MESSAGE][PASSED] - Text 'admin' is set on object 'Object Repository/Inquery/Data user Admin/Input Nama'

2025-01-22 11:16:16 - [TEST_STEP][PASSED] - delay(2): Delayed 2 second(s)

2025-01-22 11:16:18 - [MESSAGE][PASSED] - Delayed 2 second(s)

2025-01-22 11:16:18 - [TEST_STEP][PASSED] - takeScreenshot(): Taking screenshot successfully

2025-01-22 11:16:18 - [MESSAGE][PASSED] - Taking screenshot successfully
[[ATTACHMENT|C:\\Users\\User\\Documents\\Automation\\Project bank\\PAC cash\\Web Admin PAC Cash\\Web Admin PAC Cash\\Reports\\20250122_111600\\Inquery\\20250122_111601\\1737519378775.png]]

2025-01-22 11:16:18 - [TEST_STEP][PASSED] - click(findTestObject("Inquery/Data user Admin/Button Cari"), CONTINUE_ON_FAILURE): Object: 'Object Repository/Inquery/Data user Admin/Button Cari' is clicked on

2025-01-22 11:16:19 - [MESSAGE][PASSED] - Object: 'Object Repository/Inquery/Data user Admin/Button Cari' is clicked on

2025-01-22 11:16:19 - [TEST_STEP][PASSED] - delay(2): Delayed 2 second(s)

2025-01-22 11:16:21 - [MESSAGE][PASSED] - Delayed 2 second(s)

2025-01-22 11:16:21 - [TEST_STEP][PASSED] - takeScreenshot(): Taking screenshot successfully

2025-01-22 11:16:21 - [MESSAGE][PASSED] - Taking screenshot successfully
[[ATTACHMENT|C:\\Users\\User\\Documents\\Automation\\Project bank\\PAC cash\\Web Admin PAC Cash\\Web Admin PAC Cash\\Reports\\20250122_111600\\Inquery\\20250122_111601\\1737519381716.png]]

2025-01-22 11:16:21 - [TEST_STEP][PASSED] - click(findTestObject("Inquery/Button Export Excel"), CONTINUE_ON_FAILURE): Object: 'Object Repository/Inquery/Button Export Excel' is clicked on

2025-01-22 11:16:22 - [MESSAGE][PASSED] - Object: 'Object Repository/Inquery/Button Export Excel' is clicked on

2025-01-22 11:16:22 - [TEST_STEP][PASSED] - delay(2, CONTINUE_ON_FAILURE): Delayed 2 second(s)

2025-01-22 11:16:24 - [MESSAGE][PASSED] - Delayed 2 second(s)

2025-01-22 11:16:24 - [TEST_STEP][PASSED] - takeScreenshot(): Taking screenshot successfully

2025-01-22 11:16:24 - [MESSAGE][PASSED] - Taking screenshot successfully
[[ATTACHMENT|C:\\Users\\User\\Documents\\Automation\\Project bank\\PAC cash\\Web Admin PAC Cash\\Web Admin PAC Cash\\Reports\\20250122_111600\\Inquery\\20250122_111601\\1737519384611.png]]

2025-01-22 11:16:24 - [TEST_STEP][PASSED] - click(findTestObject("Inquery/Data user Admin/Button Detail  Username"), CONTINUE_ON_FAILURE): Object: 'Object Repository/Inquery/Data user Admin/Button Detail  Username' is clicked on

2025-01-22 11:16:25 - [MESSAGE][PASSED] - Object: 'Object Repository/Inquery/Data user Admin/Button Detail  Username' is clicked on

2025-01-22 11:16:25 - [TEST_STEP][PASSED] - delay(2): Delayed 2 second(s)

2025-01-22 11:16:27 - [MESSAGE][PASSED] - Delayed 2 second(s)

2025-01-22 11:16:27 - [TEST_STEP][PASSED] - takeScreenshot(): Taking screenshot successfully

2025-01-22 11:16:27 - [MESSAGE][PASSED] - Taking screenshot successfully
[[ATTACHMENT|C:\\Users\\User\\Documents\\Automation\\Project bank\\PAC cash\\Web Admin PAC Cash\\Web Admin PAC Cash\\Reports\\20250122_111600\\Inquery\\20250122_111601\\1737519387528.png]]

2025-01-22 11:16:27 - [TEST_STEP][PASSED] - click(findTestObject("Inquery/Data user Admin/Button Kembali Detail"), CONTINUE_ON_FAILURE): Object: 'Object Repository/Inquery/Data user Admin/Button Kembali Detail' is clicked on

2025-01-22 11:16:28 - [MESSAGE][PASSED] - Object: 'Object Repository/Inquery/Data user Admin/Button Kembali Detail' is clicked on

2025-01-22 11:16:28 - [TEST_STEP][PASSED] - delay(2): Delayed 2 second(s)

2025-01-22 11:16:30 - [MESSAGE][PASSED] - Delayed 2 second(s)

2025-01-22 11:16:30 - [TEST_STEP][PASSED] - takeScreenshot(): Taking screenshot successfully

2025-01-22 11:16:30 - [MESSAGE][PASSED] - Taking screenshot successfully
[[ATTACHMENT|C:\\Users\\User\\Documents\\Automation\\Project bank\\PAC cash\\Web Admin PAC Cash\\Web Admin PAC Cash\\Reports\\20250122_111600\\Inquery\\20250122_111601\\1737519390420.png]]]]></system-out>
         <system-err><![CDATA[]]></system-err>
      </testcase>
      <testcase name="Test Cases/Inquery/Aktivitas Nasabah/Cari Aktifitas Nasabah" time="15.532" classname="Test Cases/Inquery/Aktivitas Nasabah/Cari Aktifitas Nasabah" status="PASSED">
         <system-out><![CDATA[2025-01-22 11:16:30 - [TEST_CASE][PASSED] - Test Cases/Inquery/Aktivitas Nasabah/Cari Aktifitas Nasabah: Test Cases/Inquery/Aktivitas Nasabah/Cari Aktifitas Nasabah

2025-01-22 11:16:30 - [TEST_STEP][PASSED] - click(findTestObject("Menu Utama/Button Inquiry"), CONTINUE_ON_FAILURE): Object: 'Object Repository/Menu Utama/Button Inquiry' is clicked on

2025-01-22 11:16:31 - [MESSAGE][PASSED] - Object: 'Object Repository/Menu Utama/Button Inquiry' is clicked on

2025-01-22 11:16:31 - [TEST_STEP][PASSED] - enhancedClick(findTestObject("Inquery/Button Aktivitas Nasabah"), CONTINUE_ON_FAILURE): Object: 'Object Repository/Inquery/Button Aktivitas Nasabah' is clicked on

2025-01-22 11:16:32 - [MESSAGE][PASSED] - Object: 'Object Repository/Inquery/Button Aktivitas Nasabah' is clicked on

2025-01-22 11:16:32 - [TEST_STEP][PASSED] - delay(2): Delayed 2 second(s)

2025-01-22 11:16:34 - [MESSAGE][PASSED] - Delayed 2 second(s)

2025-01-22 11:16:34 - [TEST_STEP][PASSED] - takeScreenshot(): Taking screenshot successfully

2025-01-22 11:16:35 - [MESSAGE][PASSED] - Taking screenshot successfully
[[ATTACHMENT|C:\\Users\\User\\Documents\\Automation\\Project bank\\PAC cash\\Web Admin PAC Cash\\Web Admin PAC Cash\\Reports\\20250122_111600\\Inquery\\20250122_111601\\1737519395159.png]]

2025-01-22 11:16:35 - [TEST_STEP][PASSED] - setText(findTestObject("Inquery/Aktifitas Nasabah/Input Periode Awal"), "29-12-2023", CONTINUE_ON_FAILURE): Text '29-12-2023' is set on object 'Object Repository/Inquery/Aktifitas Nasabah/Input Periode Awal'

2025-01-22 11:16:35 - [MESSAGE][PASSED] - Text '29-12-2023' is set on object 'Object Repository/Inquery/Aktifitas Nasabah/Input Periode Awal'

2025-01-22 11:16:35 - [TEST_STEP][PASSED] - setText(findTestObject("Inquery/Aktifitas Nasabah/Input Periode Akhir"), "19-12-2024", CONTINUE_ON_FAILURE): Text '19-12-2024' is set on object 'Object Repository/Inquery/Aktifitas Nasabah/Input Periode Akhir'

2025-01-22 11:16:36 - [MESSAGE][PASSED] - Text '19-12-2024' is set on object 'Object Repository/Inquery/Aktifitas Nasabah/Input Periode Akhir'

2025-01-22 11:16:36 - [TEST_STEP][PASSED] - setText(findTestObject("Inquery/Aktifitas Nasabah/Input No rekening"), "087750106929", CONTINUE_ON_FAILURE): Text '087750106929' is set on object 'Object Repository/Inquery/Aktifitas Nasabah/Input No rekening'

2025-01-22 11:16:37 - [MESSAGE][PASSED] - Text '087750106929' is set on object 'Object Repository/Inquery/Aktifitas Nasabah/Input No rekening'

2025-01-22 11:16:37 - [TEST_STEP][PASSED] - setText(findTestObject("Inquery/Aktifitas Nasabah/Input No Referensi"), "65FB6E045BA4", CONTINUE_ON_FAILURE): Text '65FB6E045BA4' is set on object 'Object Repository/Inquery/Aktifitas Nasabah/Input No Referensi'

2025-01-22 11:16:37 - [MESSAGE][PASSED] - Text '65FB6E045BA4' is set on object 'Object Repository/Inquery/Aktifitas Nasabah/Input No Referensi'

2025-01-22 11:16:37 - [TEST_STEP][PASSED] - delay(2): Delayed 2 second(s)

2025-01-22 11:16:39 - [MESSAGE][PASSED] - Delayed 2 second(s)

2025-01-22 11:16:39 - [TEST_STEP][PASSED] - takeScreenshot(): Taking screenshot successfully

2025-01-22 11:16:40 - [MESSAGE][PASSED] - Taking screenshot successfully
[[ATTACHMENT|C:\\Users\\User\\Documents\\Automation\\Project bank\\PAC cash\\Web Admin PAC Cash\\Web Admin PAC Cash\\Reports\\20250122_111600\\Inquery\\20250122_111601\\1737519400206.png]]

2025-01-22 11:16:40 - [TEST_STEP][PASSED] - click(findTestObject("Inquery/Aktifitas Nasabah/Button Cari"), CONTINUE_ON_FAILURE): Object: 'Object Repository/Inquery/Aktifitas Nasabah/Button Cari' is clicked on

2025-01-22 11:16:40 - [MESSAGE][PASSED] - Object: 'Object Repository/Inquery/Aktifitas Nasabah/Button Cari' is clicked on

2025-01-22 11:16:40 - [TEST_STEP][PASSED] - delay(2): Delayed 2 second(s)

2025-01-22 11:16:42 - [MESSAGE][PASSED] - Delayed 2 second(s)

2025-01-22 11:16:42 - [TEST_STEP][PASSED] - takeScreenshot(): Taking screenshot successfully

2025-01-22 11:16:43 - [MESSAGE][PASSED] - Taking screenshot successfully
[[ATTACHMENT|C:\\Users\\User\\Documents\\Automation\\Project bank\\PAC cash\\Web Admin PAC Cash\\Web Admin PAC Cash\\Reports\\20250122_111600\\Inquery\\20250122_111601\\1737519403088.png]]

2025-01-22 11:16:43 - [TEST_STEP][PASSED] - click(findTestObject("Inquery/Button Export Excel"), CONTINUE_ON_FAILURE): Object: 'Object Repository/Inquery/Button Export Excel' is clicked on

2025-01-22 11:16:43 - [MESSAGE][PASSED] - Object: 'Object Repository/Inquery/Button Export Excel' is clicked on

2025-01-22 11:16:43 - [TEST_STEP][PASSED] - delay(2, CONTINUE_ON_FAILURE): Delayed 2 second(s)

2025-01-22 11:16:45 - [MESSAGE][PASSED] - Delayed 2 second(s)

2025-01-22 11:16:45 - [TEST_STEP][PASSED] - takeScreenshot(): Taking screenshot successfully

2025-01-22 11:16:46 - [MESSAGE][PASSED] - Taking screenshot successfully
[[ATTACHMENT|C:\\Users\\User\\Documents\\Automation\\Project bank\\PAC cash\\Web Admin PAC Cash\\Web Admin PAC Cash\\Reports\\20250122_111600\\Inquery\\20250122_111601\\1737519405955.png]]]]></system-out>
         <system-err><![CDATA[]]></system-err>
      </testcase>
      <testcase name="Test Cases/Inquery/Audit Trail Agent/Cari Trail Agent" time="19.149" classname="Test Cases/Inquery/Audit Trail Agent/Cari Trail Agent" status="PASSED">
         <system-out><![CDATA[2025-01-22 11:16:46 - [TEST_CASE][PASSED] - Test Cases/Inquery/Audit Trail Agent/Cari Trail Agent: Test Cases/Inquery/Audit Trail Agent/Cari Trail Agent

2025-01-22 11:16:46 - [TEST_STEP][PASSED] - click(findTestObject("Menu Utama/Button Inquiry"), CONTINUE_ON_FAILURE): Object: 'Object Repository/Menu Utama/Button Inquiry' is clicked on

2025-01-22 11:16:46 - [MESSAGE][PASSED] - Object: 'Object Repository/Menu Utama/Button Inquiry' is clicked on

2025-01-22 11:16:46 - [TEST_STEP][PASSED] - enhancedClick(findTestObject("Inquery/Button Audit Trail Agent"), CONTINUE_ON_FAILURE): Object: 'Object Repository/Inquery/Button Audit Trail Agent' is clicked on

2025-01-22 11:16:47 - [MESSAGE][PASSED] - Object: 'Object Repository/Inquery/Button Audit Trail Agent' is clicked on

2025-01-22 11:16:47 - [TEST_STEP][PASSED] - delay(2): Delayed 2 second(s)

2025-01-22 11:16:49 - [MESSAGE][PASSED] - Delayed 2 second(s)

2025-01-22 11:16:49 - [TEST_STEP][PASSED] - takeScreenshot(): Taking screenshot successfully

2025-01-22 11:16:49 - [MESSAGE][PASSED] - Taking screenshot successfully
[[ATTACHMENT|C:\\Users\\User\\Documents\\Automation\\Project bank\\PAC cash\\Web Admin PAC Cash\\Web Admin PAC Cash\\Reports\\20250122_111600\\Inquery\\20250122_111601\\1737519409836.png]]

2025-01-22 11:16:49 - [TEST_STEP][PASSED] - setText(findTestObject("Inquery/Audit trail Agent/Input Periode Awal"), "29-12-2023"): Text '29-12-2023' is set on object 'Object Repository/Inquery/Audit trail Agent/Input Periode Awal'

2025-01-22 11:16:50 - [MESSAGE][PASSED] - Text '29-12-2023' is set on object 'Object Repository/Inquery/Audit trail Agent/Input Periode Awal'

2025-01-22 11:16:50 - [TEST_STEP][PASSED] - setText(findTestObject("Inquery/Audit trail Agent/Input Periode Akhir"), "19-12-2024"): Text '19-12-2024' is set on object 'Object Repository/Inquery/Audit trail Agent/Input Periode Akhir'

2025-01-22 11:16:51 - [MESSAGE][PASSED] - Text '19-12-2024' is set on object 'Object Repository/Inquery/Audit trail Agent/Input Periode Akhir'

2025-01-22 11:16:51 - [TEST_STEP][PASSED] - delay(2): Delayed 2 second(s)

2025-01-22 11:16:53 - [MESSAGE][PASSED] - Delayed 2 second(s)

2025-01-22 11:16:53 - [TEST_STEP][PASSED] - takeScreenshot(): Taking screenshot successfully

2025-01-22 11:16:53 - [MESSAGE][PASSED] - Taking screenshot successfully
[[ATTACHMENT|C:\\Users\\User\\Documents\\Automation\\Project bank\\PAC cash\\Web Admin PAC Cash\\Web Admin PAC Cash\\Reports\\20250122_111600\\Inquery\\20250122_111601\\1737519413541.png]]

2025-01-22 11:16:53 - [TEST_STEP][PASSED] - click(findTestObject("Inquery/Audit trail Agent/Button Cari")): Object: 'Object Repository/Inquery/Audit trail Agent/Button Cari' is clicked on

2025-01-22 11:16:54 - [MESSAGE][PASSED] - Object: 'Object Repository/Inquery/Audit trail Agent/Button Cari' is clicked on

2025-01-22 11:16:54 - [TEST_STEP][PASSED] - delay(2): Delayed 2 second(s)

2025-01-22 11:16:56 - [MESSAGE][PASSED] - Delayed 2 second(s)

2025-01-22 11:16:56 - [TEST_STEP][PASSED] - takeScreenshot(): Taking screenshot successfully

2025-01-22 11:16:56 - [MESSAGE][PASSED] - Taking screenshot successfully
[[ATTACHMENT|C:\\Users\\User\\Documents\\Automation\\Project bank\\PAC cash\\Web Admin PAC Cash\\Web Admin PAC Cash\\Reports\\20250122_111600\\Inquery\\20250122_111601\\1737519416489.png]]

2025-01-22 11:16:56 - [TEST_STEP][PASSED] - click(findTestObject("Inquery/Button Export Excel")): Object: 'Object Repository/Inquery/Button Export Excel' is clicked on

2025-01-22 11:17:02 - [MESSAGE][PASSED] - Object: 'Object Repository/Inquery/Button Export Excel' is clicked on

2025-01-22 11:17:02 - [TEST_STEP][PASSED] - delay(2): Delayed 2 second(s)

2025-01-22 11:17:04 - [MESSAGE][PASSED] - Delayed 2 second(s)

2025-01-22 11:17:04 - [TEST_STEP][PASSED] - takeScreenshot(): Taking screenshot successfully

2025-01-22 11:17:05 - [MESSAGE][PASSED] - Taking screenshot successfully
[[ATTACHMENT|C:\\Users\\User\\Documents\\Automation\\Project bank\\PAC cash\\Web Admin PAC Cash\\Web Admin PAC Cash\\Reports\\20250122_111600\\Inquery\\20250122_111601\\1737519425128.png]]]]></system-out>
         <system-err><![CDATA[]]></system-err>
      </testcase>
      <testcase name="Test Cases/Inquery/Audit Trail User/Cari Audit Trail User" time="14.552" classname="Test Cases/Inquery/Audit Trail User/Cari Audit Trail User" status="PASSED">
         <system-out><![CDATA[2025-01-22 11:17:05 - [TEST_CASE][PASSED] - Test Cases/Inquery/Audit Trail User/Cari Audit Trail User: Test Cases/Inquery/Audit Trail User/Cari Audit Trail User

2025-01-22 11:17:05 - [TEST_STEP][PASSED] - click(findTestObject("Menu Utama/Button Inquiry"), CONTINUE_ON_FAILURE): Object: 'Object Repository/Menu Utama/Button Inquiry' is clicked on

2025-01-22 11:17:05 - [MESSAGE][PASSED] - Object: 'Object Repository/Menu Utama/Button Inquiry' is clicked on

2025-01-22 11:17:05 - [TEST_STEP][PASSED] - enhancedClick(findTestObject("Inquery/Button Audit Trail User"), CONTINUE_ON_FAILURE): Object: 'Object Repository/Inquery/Button Audit Trail User' is clicked on

2025-01-22 11:17:06 - [MESSAGE][PASSED] - Object: 'Object Repository/Inquery/Button Audit Trail User' is clicked on

2025-01-22 11:17:06 - [TEST_STEP][PASSED] - delay(2): Delayed 2 second(s)

2025-01-22 11:17:08 - [MESSAGE][PASSED] - Delayed 2 second(s)

2025-01-22 11:17:08 - [TEST_STEP][PASSED] - takeScreenshot(): Taking screenshot successfully

2025-01-22 11:17:09 - [MESSAGE][PASSED] - Taking screenshot successfully
[[ATTACHMENT|C:\\Users\\User\\Documents\\Automation\\Project bank\\PAC cash\\Web Admin PAC Cash\\Web Admin PAC Cash\\Reports\\20250122_111600\\Inquery\\20250122_111601\\1737519428933.png]]

2025-01-22 11:17:09 - [TEST_STEP][PASSED] - setText(findTestObject("Inquery/Audit Trail User/Input Periode Awal"), "28-12-2023", CONTINUE_ON_FAILURE): Text '28-12-2023' is set on object 'Object Repository/Inquery/Audit Trail User/Input Periode Awal'

2025-01-22 11:17:09 - [MESSAGE][PASSED] - Text '28-12-2023' is set on object 'Object Repository/Inquery/Audit Trail User/Input Periode Awal'

2025-01-22 11:17:09 - [TEST_STEP][PASSED] - setText(findTestObject("Inquery/Audit Trail User/Input Periode  Akhir"), "19-12-2024", CONTINUE_ON_FAILURE): Text '19-12-2024' is set on object 'Object Repository/Inquery/Audit Trail User/Input Periode  Akhir'

2025-01-22 11:17:10 - [MESSAGE][PASSED] - Text '19-12-2024' is set on object 'Object Repository/Inquery/Audit Trail User/Input Periode  Akhir'

2025-01-22 11:17:10 - [TEST_STEP][PASSED] - setText(findTestObject("Inquery/Audit Trail User/Input Username"), "RISWAN", CONTINUE_ON_FAILURE): Text 'RISWAN' is set on object 'Object Repository/Inquery/Audit Trail User/Input Username'

2025-01-22 11:17:11 - [MESSAGE][PASSED] - Text 'RISWAN' is set on object 'Object Repository/Inquery/Audit Trail User/Input Username'

2025-01-22 11:17:11 - [TEST_STEP][PASSED] - setText(findTestObject("Inquery/Audit Trail User/Input No Referensi"), "M155E04A27FC", CONTINUE_ON_FAILURE): Text 'M155E04A27FC' is set on object 'Object Repository/Inquery/Audit Trail User/Input No Referensi'

2025-01-22 11:17:11 - [MESSAGE][PASSED] - Text 'M155E04A27FC' is set on object 'Object Repository/Inquery/Audit Trail User/Input No Referensi'

2025-01-22 11:17:11 - [TEST_STEP][PASSED] - delay(2): Delayed 2 second(s)

2025-01-22 11:17:13 - [MESSAGE][PASSED] - Delayed 2 second(s)

2025-01-22 11:17:13 - [TEST_STEP][PASSED] - takeScreenshot(): Taking screenshot successfully

2025-01-22 11:17:14 - [MESSAGE][PASSED] - Taking screenshot successfully
[[ATTACHMENT|C:\\Users\\User\\Documents\\Automation\\Project bank\\PAC cash\\Web Admin PAC Cash\\Web Admin PAC Cash\\Reports\\20250122_111600\\Inquery\\20250122_111601\\1737519433951.png]]

2025-01-22 11:17:14 - [TEST_STEP][PASSED] - click(findTestObject("Inquery/Audit Trail User/Button Cari"), CONTINUE_ON_FAILURE): Object: 'Object Repository/Inquery/Audit Trail User/Button Cari' is clicked on

2025-01-22 11:17:14 - [MESSAGE][PASSED] - Object: 'Object Repository/Inquery/Audit Trail User/Button Cari' is clicked on

2025-01-22 11:17:14 - [TEST_STEP][PASSED] - delay(2): Delayed 2 second(s)

2025-01-22 11:17:16 - [MESSAGE][PASSED] - Delayed 2 second(s)

2025-01-22 11:17:16 - [TEST_STEP][PASSED] - takeScreenshot(): Taking screenshot successfully

2025-01-22 11:17:16 - [MESSAGE][PASSED] - Taking screenshot successfully
[[ATTACHMENT|C:\\Users\\User\\Documents\\Automation\\Project bank\\PAC cash\\Web Admin PAC Cash\\Web Admin PAC Cash\\Reports\\20250122_111600\\Inquery\\20250122_111601\\1737519436809.png]]

2025-01-22 11:17:16 - [TEST_STEP][PASSED] - click(findTestObject("Inquery/Button Export Excel"), CONTINUE_ON_FAILURE): Object: 'Object Repository/Inquery/Button Export Excel' is clicked on

2025-01-22 11:17:17 - [MESSAGE][PASSED] - Object: 'Object Repository/Inquery/Button Export Excel' is clicked on

2025-01-22 11:17:17 - [TEST_STEP][PASSED] - delay(2, CONTINUE_ON_FAILURE): Delayed 2 second(s)

2025-01-22 11:17:19 - [MESSAGE][PASSED] - Delayed 2 second(s)

2025-01-22 11:17:19 - [TEST_STEP][PASSED] - takeScreenshot(): Taking screenshot successfully

2025-01-22 11:17:19 - [MESSAGE][PASSED] - Taking screenshot successfully
[[ATTACHMENT|C:\\Users\\User\\Documents\\Automation\\Project bank\\PAC cash\\Web Admin PAC Cash\\Web Admin PAC Cash\\Reports\\20250122_111600\\Inquery\\20250122_111601\\1737519439675.png]]]]></system-out>
         <system-err><![CDATA[]]></system-err>
      </testcase>
      <testcase name="Test Cases/Inquery/Log SMS/Cari Log SMS" time="11.812" classname="Test Cases/Inquery/Log SMS/Cari Log SMS" status="PASSED">
         <system-out><![CDATA[2025-01-22 11:17:19 - [TEST_CASE][PASSED] - Test Cases/Inquery/Log SMS/Cari Log SMS: Test Cases/Inquery/Log SMS/Cari Log SMS

2025-01-22 11:17:20 - [TEST_STEP][PASSED] - click(findTestObject("Menu Utama/Button Inquiry"), CONTINUE_ON_FAILURE): Object: 'Object Repository/Menu Utama/Button Inquiry' is clicked on

2025-01-22 11:17:20 - [MESSAGE][PASSED] - Object: 'Object Repository/Menu Utama/Button Inquiry' is clicked on

2025-01-22 11:17:20 - [TEST_STEP][PASSED] - enhancedClick(findTestObject("Inquery/Button Log SMS"), CONTINUE_ON_FAILURE): Object: 'Object Repository/Inquery/Button Log SMS' is clicked on

2025-01-22 11:17:22 - [MESSAGE][PASSED] - Object: 'Object Repository/Inquery/Button Log SMS' is clicked on

2025-01-22 11:17:22 - [TEST_STEP][PASSED] - delay(0): Delayed 0 second(s)

2025-01-22 11:17:22 - [MESSAGE][PASSED] - Delayed 0 second(s)

2025-01-22 11:17:22 - [TEST_STEP][PASSED] - takeScreenshot(): Taking screenshot successfully

2025-01-22 11:17:22 - [MESSAGE][PASSED] - Taking screenshot successfully
[[ATTACHMENT|C:\\Users\\User\\Documents\\Automation\\Project bank\\PAC cash\\Web Admin PAC Cash\\Web Admin PAC Cash\\Reports\\20250122_111600\\Inquery\\20250122_111601\\1737519442838.png]]

2025-01-22 11:17:22 - [TEST_STEP][PASSED] - setText(findTestObject("Inquery/Log SMS/Input Periode Awal"), "29-12-2023"): Text '29-12-2023' is set on object 'Object Repository/Inquery/Log SMS/Input Periode Awal'

2025-01-22 11:17:23 - [MESSAGE][PASSED] - Text '29-12-2023' is set on object 'Object Repository/Inquery/Log SMS/Input Periode Awal'

2025-01-22 11:17:23 - [TEST_STEP][PASSED] - setText(findTestObject("Inquery/Log SMS/Input Periode Akhir"), "20-12-2024"): Text '20-12-2024' is set on object 'Object Repository/Inquery/Log SMS/Input Periode Akhir'

2025-01-22 11:17:24 - [MESSAGE][PASSED] - Text '20-12-2024' is set on object 'Object Repository/Inquery/Log SMS/Input Periode Akhir'

2025-01-22 11:17:24 - [TEST_STEP][PASSED] - delay(0): Delayed 0 second(s)

2025-01-22 11:17:24 - [MESSAGE][PASSED] - Delayed 0 second(s)

2025-01-22 11:17:24 - [TEST_STEP][PASSED] - takeScreenshot(): Taking screenshot successfully

2025-01-22 11:17:24 - [MESSAGE][PASSED] - Taking screenshot successfully
[[ATTACHMENT|C:\\Users\\User\\Documents\\Automation\\Project bank\\PAC cash\\Web Admin PAC Cash\\Web Admin PAC Cash\\Reports\\20250122_111600\\Inquery\\20250122_111601\\1737519444547.png]]

2025-01-22 11:17:24 - [TEST_STEP][PASSED] - click(findTestObject("Inquery/Log SMS/Button Cari")): Object: 'Object Repository/Inquery/Log SMS/Button Cari' is clicked on

2025-01-22 11:17:25 - [MESSAGE][PASSED] - Object: 'Object Repository/Inquery/Log SMS/Button Cari' is clicked on

2025-01-22 11:17:25 - [TEST_STEP][PASSED] - verifyElementPresent(findTestObject("Inquery/Log SMS/Verikasi Hasil Pencarian"), 0): Object 'Object Repository/Inquery/Log SMS/Verikasi Hasil Pencarian' is present

2025-01-22 11:17:25 - [MESSAGE][WARNING] - Timeout '0' is invalid. Using default page load timeout: '30'

2025-01-22 11:17:25 - [MESSAGE][PASSED] - Object 'Object Repository/Inquery/Log SMS/Verikasi Hasil Pencarian' is present

2025-01-22 11:17:25 - [TEST_STEP][PASSED] - delay(2): Delayed 2 second(s)

2025-01-22 11:17:27 - [MESSAGE][PASSED] - Delayed 2 second(s)

2025-01-22 11:17:27 - [TEST_STEP][PASSED] - takeScreenshot(): Taking screenshot successfully

2025-01-22 11:17:27 - [MESSAGE][PASSED] - Taking screenshot successfully
[[ATTACHMENT|C:\\Users\\User\\Documents\\Automation\\Project bank\\PAC cash\\Web Admin PAC Cash\\Web Admin PAC Cash\\Reports\\20250122_111600\\Inquery\\20250122_111601\\1737519447738.png]]

2025-01-22 11:17:27 - [TEST_STEP][PASSED] - scrollToElement(findTestObject("Inquery/Button Export Excel"), 0): Scroll to object 'Object Repository/Inquery/Button Export Excel' successfully

2025-01-22 11:17:27 - [MESSAGE][WARNING] - Timeout '0' is invalid. Using default page load timeout: '30'

2025-01-22 11:17:28 - [MESSAGE][PASSED] - Scroll to object 'Object Repository/Inquery/Button Export Excel' successfully

2025-01-22 11:17:28 - [TEST_STEP][PASSED] - click(findTestObject("Inquery/Button Export Excel")): Object: 'Object Repository/Inquery/Button Export Excel' is clicked on

2025-01-22 11:17:29 - [MESSAGE][PASSED] - Object: 'Object Repository/Inquery/Button Export Excel' is clicked on

2025-01-22 11:17:29 - [TEST_STEP][PASSED] - delay(2): Delayed 2 second(s)

2025-01-22 11:17:31 - [MESSAGE][PASSED] - Delayed 2 second(s)

2025-01-22 11:17:31 - [TEST_STEP][PASSED] - takeScreenshot(): Taking screenshot successfully

2025-01-22 11:17:31 - [MESSAGE][PASSED] - Taking screenshot successfully
[[ATTACHMENT|C:\\Users\\User\\Documents\\Automation\\Project bank\\PAC cash\\Web Admin PAC Cash\\Web Admin PAC Cash\\Reports\\20250122_111600\\Inquery\\20250122_111601\\1737519451489.png]]]]></system-out>
         <system-err><![CDATA[]]></system-err>
      </testcase>
      <testcase name="Test Cases/Inquery/Perubahan Data/Cari Perubahan Data" time="19.314" classname="Test Cases/Inquery/Perubahan Data/Cari Perubahan Data" status="PASSED">
         <system-out><![CDATA[2025-01-22 11:17:31 - [TEST_CASE][PASSED] - Test Cases/Inquery/Perubahan Data/Cari Perubahan Data: Test Cases/Inquery/Perubahan Data/Cari Perubahan Data

2025-01-22 11:17:31 - [TEST_STEP][PASSED] - click(findTestObject("Menu Utama/Button Inquiry")): Object: 'Object Repository/Menu Utama/Button Inquiry' is clicked on

2025-01-22 11:17:32 - [MESSAGE][PASSED] - Object: 'Object Repository/Menu Utama/Button Inquiry' is clicked on

2025-01-22 11:17:32 - [TEST_STEP][PASSED] - enhancedClick(findTestObject("Inquery/Button Perubahan Data")): Object: 'Object Repository/Inquery/Button Perubahan Data' is clicked on

2025-01-22 11:17:33 - [MESSAGE][PASSED] - Object: 'Object Repository/Inquery/Button Perubahan Data' is clicked on

2025-01-22 11:17:33 - [TEST_STEP][PASSED] - delay(2): Delayed 2 second(s)

2025-01-22 11:17:35 - [MESSAGE][PASSED] - Delayed 2 second(s)

2025-01-22 11:17:35 - [TEST_STEP][PASSED] - takeScreenshot(): Taking screenshot successfully

2025-01-22 11:17:35 - [MESSAGE][PASSED] - Taking screenshot successfully
[[ATTACHMENT|C:\\Users\\User\\Documents\\Automation\\Project bank\\PAC cash\\Web Admin PAC Cash\\Web Admin PAC Cash\\Reports\\20250122_111600\\Inquery\\20250122_111601\\1737519455368.png]]

2025-01-22 11:17:35 - [TEST_STEP][PASSED] - setText(findTestObject("Inquery/Perubahan Data/Input Periode awal"), "29-12-2023"): Text '29-12-2023' is set on object 'Object Repository/Inquery/Perubahan Data/Input Periode awal'

2025-01-22 11:17:36 - [MESSAGE][PASSED] - Text '29-12-2023' is set on object 'Object Repository/Inquery/Perubahan Data/Input Periode awal'

2025-01-22 11:17:36 - [TEST_STEP][PASSED] - setText(findTestObject("Inquery/Perubahan Data/Input Periode Akhir"), "19-12-2024"): Text '19-12-2024' is set on object 'Object Repository/Inquery/Perubahan Data/Input Periode Akhir'

2025-01-22 11:17:36 - [MESSAGE][PASSED] - Text '19-12-2024' is set on object 'Object Repository/Inquery/Perubahan Data/Input Periode Akhir'

2025-01-22 11:17:36 - [TEST_STEP][PASSED] - setText(findTestObject("Inquery/Perubahan Data/Input No ref"), "DAT000003083"): Text 'DAT000003083' is set on object 'Object Repository/Inquery/Perubahan Data/Input No ref'

2025-01-22 11:17:37 - [MESSAGE][PASSED] - Text 'DAT000003083' is set on object 'Object Repository/Inquery/Perubahan Data/Input No ref'

2025-01-22 11:17:37 - [TEST_STEP][PASSED] - delay(2): Delayed 2 second(s)

2025-01-22 11:17:39 - [MESSAGE][PASSED] - Delayed 2 second(s)

2025-01-22 11:17:39 - [TEST_STEP][PASSED] - takeScreenshot(): Taking screenshot successfully

2025-01-22 11:17:39 - [MESSAGE][PASSED] - Taking screenshot successfully
[[ATTACHMENT|C:\\Users\\User\\Documents\\Automation\\Project bank\\PAC cash\\Web Admin PAC Cash\\Web Admin PAC Cash\\Reports\\20250122_111600\\Inquery\\20250122_111601\\1737519459734.png]]

2025-01-22 11:17:39 - [TEST_STEP][PASSED] - click(findTestObject("Inquery/Perubahan Data/Button Search")): Object: 'Object Repository/Inquery/Perubahan Data/Button Search' is clicked on

2025-01-22 11:17:40 - [MESSAGE][PASSED] - Object: 'Object Repository/Inquery/Perubahan Data/Button Search' is clicked on

2025-01-22 11:17:40 - [TEST_STEP][PASSED] - delay(2): Delayed 2 second(s)

2025-01-22 11:17:42 - [MESSAGE][PASSED] - Delayed 2 second(s)

2025-01-22 11:17:42 - [TEST_STEP][PASSED] - takeScreenshot(): Taking screenshot successfully

2025-01-22 11:17:42 - [MESSAGE][PASSED] - Taking screenshot successfully
[[ATTACHMENT|C:\\Users\\User\\Documents\\Automation\\Project bank\\PAC cash\\Web Admin PAC Cash\\Web Admin PAC Cash\\Reports\\20250122_111600\\Inquery\\20250122_111601\\1737519462641.png]]

2025-01-22 11:17:42 - [TEST_STEP][PASSED] - click(findTestObject("Inquery/Button Export Excel"), STOP_ON_FAILURE): Object: 'Object Repository/Inquery/Button Export Excel' is clicked on

2025-01-22 11:17:43 - [MESSAGE][PASSED] - Object: 'Object Repository/Inquery/Button Export Excel' is clicked on

2025-01-22 11:17:43 - [TEST_STEP][PASSED] - delay(2): Delayed 2 second(s)

2025-01-22 11:17:45 - [MESSAGE][PASSED] - Delayed 2 second(s)

2025-01-22 11:17:45 - [TEST_STEP][PASSED] - takeScreenshot(): Taking screenshot successfully

2025-01-22 11:17:45 - [MESSAGE][PASSED] - Taking screenshot successfully
[[ATTACHMENT|C:\\Users\\User\\Documents\\Automation\\Project bank\\PAC cash\\Web Admin PAC Cash\\Web Admin PAC Cash\\Reports\\20250122_111600\\Inquery\\20250122_111601\\1737519465491.png]]

2025-01-22 11:17:45 - [TEST_STEP][PASSED] - click(findTestObject("Inquery/Perubahan Data/Button No Reff")): Object: 'Object Repository/Inquery/Perubahan Data/Button No Reff' is clicked on

2025-01-22 11:17:46 - [MESSAGE][PASSED] - Object: 'Object Repository/Inquery/Perubahan Data/Button No Reff' is clicked on

2025-01-22 11:17:46 - [TEST_STEP][PASSED] - delay(2): Delayed 2 second(s)

2025-01-22 11:17:48 - [MESSAGE][PASSED] - Delayed 2 second(s)

2025-01-22 11:17:48 - [TEST_STEP][PASSED] - click(findTestObject("Inquery/Perubahan Data/Button back Detail Perubahan Data"), CONTINUE_ON_FAILURE): Object: 'Object Repository/Inquery/Perubahan Data/Button back Detail Perubahan Data' is clicked on

2025-01-22 11:17:48 - [MESSAGE][PASSED] - Object: 'Object Repository/Inquery/Perubahan Data/Button back Detail Perubahan Data' is clicked on

2025-01-22 11:17:48 - [TEST_STEP][PASSED] - delay(2): Delayed 2 second(s)

2025-01-22 11:17:50 - [MESSAGE][PASSED] - Delayed 2 second(s)]]></system-out>
         <system-err><![CDATA[]]></system-err>
      </testcase>
      <testcase name="Test Cases/Inquery/Transaksi Nasabah/Cari Transaksi Nasabah" time="14.387" classname="Test Cases/Inquery/Transaksi Nasabah/Cari Transaksi Nasabah" status="PASSED">
         <system-out><![CDATA[2025-01-22 11:17:50 - [TEST_CASE][PASSED] - Test Cases/Inquery/Transaksi Nasabah/Cari Transaksi Nasabah: Test Cases/Inquery/Transaksi Nasabah/Cari Transaksi Nasabah

2025-01-22 11:17:51 - [TEST_STEP][PASSED] - click(findTestObject("Menu Utama/Button Inquiry"), CONTINUE_ON_FAILURE): Object: 'Object Repository/Menu Utama/Button Inquiry' is clicked on

2025-01-22 11:17:51 - [MESSAGE][PASSED] - Object: 'Object Repository/Menu Utama/Button Inquiry' is clicked on

2025-01-22 11:17:51 - [TEST_STEP][PASSED] - enhancedClick(findTestObject("Inquery/Button Transaksi Nasabah"), CONTINUE_ON_FAILURE): Object: 'Object Repository/Inquery/Button Transaksi Nasabah' is clicked on

2025-01-22 11:17:52 - [MESSAGE][PASSED] - Object: 'Object Repository/Inquery/Button Transaksi Nasabah' is clicked on

2025-01-22 11:17:52 - [TEST_STEP][PASSED] - delay(2): Delayed 2 second(s)

2025-01-22 11:17:54 - [MESSAGE][PASSED] - Delayed 2 second(s)

2025-01-22 11:17:54 - [TEST_STEP][PASSED] - takeScreenshot(): Taking screenshot successfully

2025-01-22 11:17:54 - [MESSAGE][PASSED] - Taking screenshot successfully
[[ATTACHMENT|C:\\Users\\User\\Documents\\Automation\\Project bank\\PAC cash\\Web Admin PAC Cash\\Web Admin PAC Cash\\Reports\\20250122_111600\\Inquery\\20250122_111601\\1737519474640.png]]

2025-01-22 11:17:54 - [TEST_STEP][PASSED] - setText(findTestObject("Inquery/Transaksi Nasabah/Input Periode Awal"), "29-12-2023"): Text '29-12-2023' is set on object 'Object Repository/Inquery/Transaksi Nasabah/Input Periode Awal'

2025-01-22 11:17:55 - [MESSAGE][PASSED] - Text '29-12-2023' is set on object 'Object Repository/Inquery/Transaksi Nasabah/Input Periode Awal'

2025-01-22 11:17:55 - [TEST_STEP][PASSED] - setText(findTestObject("Inquery/Transaksi Nasabah/Input Periode Akhir"), "20-12-2024"): Text '20-12-2024' is set on object 'Object Repository/Inquery/Transaksi Nasabah/Input Periode Akhir'

2025-01-22 11:17:56 - [MESSAGE][PASSED] - Text '20-12-2024' is set on object 'Object Repository/Inquery/Transaksi Nasabah/Input Periode Akhir'

2025-01-22 11:17:56 - [TEST_STEP][PASSED] - setText(findTestObject("Inquery/Transaksi Nasabah/Input No Rekening"), "087852210335"): Text '087852210335' is set on object 'Object Repository/Inquery/Transaksi Nasabah/Input No Rekening'

2025-01-22 11:17:56 - [MESSAGE][PASSED] - Text '087852210335' is set on object 'Object Repository/Inquery/Transaksi Nasabah/Input No Rekening'

2025-01-22 11:17:56 - [TEST_STEP][PASSED] - delay(2): Delayed 2 second(s)

2025-01-22 11:17:58 - [MESSAGE][PASSED] - Delayed 2 second(s)

2025-01-22 11:17:58 - [TEST_STEP][PASSED] - takeScreenshot(): Taking screenshot successfully

2025-01-22 11:17:59 - [MESSAGE][PASSED] - Taking screenshot successfully
[[ATTACHMENT|C:\\Users\\User\\Documents\\Automation\\Project bank\\PAC cash\\Web Admin PAC Cash\\Web Admin PAC Cash\\Reports\\20250122_111600\\Inquery\\20250122_111601\\1737519479034.png]]

2025-01-22 11:17:59 - [TEST_STEP][PASSED] - click(findTestObject("Inquery/Transaksi Nasabah/Button Cari")): Object: 'Object Repository/Inquery/Transaksi Nasabah/Button Cari' is clicked on

2025-01-22 11:17:59 - [MESSAGE][PASSED] - Object: 'Object Repository/Inquery/Transaksi Nasabah/Button Cari' is clicked on

2025-01-22 11:17:59 - [TEST_STEP][PASSED] - delay(2): Delayed 2 second(s)

2025-01-22 11:18:01 - [MESSAGE][PASSED] - Delayed 2 second(s)

2025-01-22 11:18:01 - [TEST_STEP][PASSED] - takeScreenshot(): Taking screenshot successfully

2025-01-22 11:18:02 - [MESSAGE][PASSED] - Taking screenshot successfully
[[ATTACHMENT|C:\\Users\\User\\Documents\\Automation\\Project bank\\PAC cash\\Web Admin PAC Cash\\Web Admin PAC Cash\\Reports\\20250122_111600\\Inquery\\20250122_111601\\1737519481940.png]]

2025-01-22 11:18:02 - [TEST_STEP][PASSED] - scrollToElement(findTestObject("Inquery/Button Export Excel"), 0): Scroll to object 'Object Repository/Inquery/Button Export Excel' successfully

2025-01-22 11:18:02 - [MESSAGE][WARNING] - Timeout '0' is invalid. Using default page load timeout: '30'

2025-01-22 11:18:02 - [MESSAGE][PASSED] - Scroll to object 'Object Repository/Inquery/Button Export Excel' successfully

2025-01-22 11:18:02 - [TEST_STEP][PASSED] - click(findTestObject("Inquery/Button Export Excel")): Object: 'Object Repository/Inquery/Button Export Excel' is clicked on

2025-01-22 11:18:02 - [MESSAGE][PASSED] - Object: 'Object Repository/Inquery/Button Export Excel' is clicked on

2025-01-22 11:18:02 - [TEST_STEP][PASSED] - delay(2): Delayed 2 second(s)

2025-01-22 11:18:04 - [MESSAGE][PASSED] - Delayed 2 second(s)

2025-01-22 11:18:04 - [TEST_STEP][PASSED] - takeScreenshot(): Taking screenshot successfully

2025-01-22 11:18:05 - [MESSAGE][PASSED] - Taking screenshot successfully
[[ATTACHMENT|C:\\Users\\User\\Documents\\Automation\\Project bank\\PAC cash\\Web Admin PAC Cash\\Web Admin PAC Cash\\Reports\\20250122_111600\\Inquery\\20250122_111601\\1737519485210.png]]]]></system-out>
         <system-err><![CDATA[]]></system-err>
      </testcase>
      <system-out><![CDATA[2025-01-22 11:16:10 - [TEST_SUITE][PASSED] - Inquery: Test Cases/Inquery/Transaksi Nasabah/Cari Transaksi Nasabah]]></system-out>
      <system-err><![CDATA[]]></system-err>
   </testsuite>
</testsuites>
